# JRE version: OpenJDK Runtime Environment (Zulu11.37+17-CA) (11.0.6+10) (build 11.0.6+10-LTS)
# Java VM: OpenJDK 64-Bit Server VM (11.0.6+10-LTS, mixed mode, tiered, compressed oops, g1 gc, linux-amd64)
Heap:
 garbage-first heap   total 105472K, used 73819K [0x00000000ade00000, 0x0000000100000000)
  region size 1024K, 36 young (36864K), 5 survivors (5120K)
 Metaspace       used 53725K, capacity 54806K, committed 55040K, reserved 1097728K
  class space    used 5812K, capacity 6289K, committed 6400K, reserved 1048576K
GC Heap History (20 events):
Event: 90.493 GC heap before
{Heap before GC invocations=49 (full 0):
 garbage-first heap   total 105472K, used 91402K [0x00000000ade00000, 0x0000000100000000)
  region size 1024K, 58 young (59392K), 1 survivors (1024K)
 Metaspace       used 52889K, capacity 53968K, committed 54144K, reserved 1097728K
  class space    used 5747K, capacity 6189K, committed 6272K, reserved 1048576K
}
Event: 90.502 GC heap after
{Heap after GC invocations=50 (full 0):
 garbage-first heap   total 105472K, used 37240K [0x00000000ade00000, 0x0000000100000000)
  region size 1024K, 4 young (4096K), 4 survivors (4096K)
 Metaspace       used 52889K, capacity 53968K, committed 54144K, reserved 1097728K
  class space    used 5747K, capacity 6189K, committed 6272K, reserved 1048576K
}
Event: 93.771 GC heap before
{Heap before GC invocations=50 (full 0):
 garbage-first heap   total 105472K, used 88440K [0x00000000ade00000, 0x0000000100000000)
  region size 1024K, 55 young (56320K), 4 survivors (4096K)
 Metaspace       used 52960K, capacity 54033K, committed 54400K, reserved 1097728K
  class space    used 5747K, capacity 6189K, committed 6272K, reserved 1048576K
}
Event: 93.789 GC heap after
{Heap after GC invocations=51 (full 0):
 garbage-first heap   total 105472K, used 37316K [0x00000000ade00000, 0x0000000100000000)
  region size 1024K, 4 young (4096K), 4 survivors (4096K)
 Metaspace       used 52960K, capacity 54033K, committed 54400K, reserved 1097728K
  class space    used 5747K, capacity 6189K, committed 6272K, reserved 1048576K
}
Event: 94.181 GC heap before
{Heap before GC invocations=51 (full 0):
 garbage-first heap   total 105472K, used 89540K [0x00000000ade00000, 0x0000000100000000)
  region size 1024K, 55 young (56320K), 4 survivors (4096K)
 Metaspace       used 52963K, capacity 54033K, committed 54400K, reserved 1097728K
  class space    used 5747K, capacity 6189K, committed 6272K, reserved 1048576K
}
Event: 94.185 GC heap after
{Heap after GC invocations=52 (full 0):
 garbage-first heap   total 105472K, used 37714K [0x00000000ade00000, 0x0000000100000000)
  region size 1024K, 4 young (4096K), 4 survivors (4096K)
 Metaspace       used 52963K, capacity 54033K, committed 54400K, reserved 1097728K
  class space    used 5747K, capacity 6189K, committed 6272K, reserved 1048576K
}
Event: 94.370 GC heap before
{Heap before GC invocations=52 (full 0):
 garbage-first heap   total 105472K, used 89938K [0x00000000ade00000, 0x0000000100000000)
  region size 1024K, 55 young (56320K), 4 survivors (4096K)
 Metaspace       used 52963K, capacity 54033K, committed 54400K, reserved 1097728K
  class space    used 5747K, capacity 6189K, committed 6272K, reserved 1048576K
}
Event: 94.375 GC heap after
{Heap after GC invocations=53 (full 0):
 garbage-first heap   total 105472K, used 37468K [0x00000000ade00000, 0x0000000100000000)
  region size 1024K, 4 young (4096K), 4 survivors (4096K)
 Metaspace       used 52963K, capacity 54033K, committed 54400K, reserved 1097728K
  class space    used 5747K, capacity 6189K, committed 6272K, reserved 1048576K
}
Event: 95.275 GC heap before
{Heap before GC invocations=53 (full 0):
 garbage-first heap   total 105472K, used 88668K [0x00000000ade00000, 0x0000000100000000)
  region size 1024K, 55 young (56320K), 4 survivors (4096K)
 Metaspace       used 53178K, capacity 54215K, committed 54400K, reserved 1097728K
  class space    used 5764K, capacity 6203K, committed 6272K, reserved 1048576K
}
Event: 95.282 GC heap after
{Heap after GC invocations=54 (full 0):
 garbage-first heap   total 105472K, used 39533K [0x00000000ade00000, 0x0000000100000000)
  region size 1024K, 6 young (6144K), 6 survivors (6144K)
 Metaspace       used 53178K, capacity 54215K, committed 54400K, reserved 1097728K
  class space    used 5764K, capacity 6203K, committed 6272K, reserved 1048576K
}
Event: 96.491 GC heap before
{Heap before GC invocations=54 (full 0):
 garbage-first heap   total 105472K, used 86637K [0x00000000ade00000, 0x0000000100000000)
  region size 1024K, 53 young (54272K), 6 survivors (6144K)
 Metaspace       used 53239K, capacity 54353K, committed 54656K, reserved 1097728K
  class space    used 5766K, capacity 6205K, committed 6272K, reserved 1048576K
}
Event: 96.498 GC heap after
{Heap after GC invocations=55 (full 0):
 garbage-first heap   total 105472K, used 39938K [0x00000000ade00000, 0x0000000100000000)
  region size 1024K, 3 young (3072K), 3 survivors (3072K)
 Metaspace       used 53239K, capacity 54353K, committed 54656K, reserved 1097728K
  class space    used 5766K, capacity 6205K, committed 6272K, reserved 1048576K
}
Event: 97.911 GC heap before
{Heap before GC invocations=55 (full 0):
 garbage-first heap   total 105472K, used 87042K [0x00000000ade00000, 0x0000000100000000)
  region size 1024K, 50 young (51200K), 3 survivors (3072K)
 Metaspace       used 53243K, capacity 54354K, committed 54656K, reserved 1097728K
  class space    used 5766K, capacity 6205K, committed 6272K, reserved 1048576K
}
Event: 97.915 GC heap after
{Heap after GC invocations=56 (full 0):
 garbage-first heap   total 105472K, used 39938K [0x00000000ade00000, 0x0000000100000000)
  region size 1024K, 3 young (3072K), 3 survivors (3072K)
 Metaspace       used 53243K, capacity 54354K, committed 54656K, reserved 1097728K
  class space    used 5766K, capacity 6205K, committed 6272K, reserved 1048576K
}
Event: 98.131 GC heap before
{Heap before GC invocations=56 (full 0):
 garbage-first heap   total 105472K, used 87042K [0x00000000ade00000, 0x0000000100000000)
  region size 1024K, 50 young (51200K), 3 survivors (3072K)
 Metaspace       used 53243K, capacity 54354K, committed 54656K, reserved 1097728K
  class space    used 5766K, capacity 6205K, committed 6272K, reserved 1048576K
}
Event: 98.135 GC heap after
{Heap after GC invocations=57 (full 0):
 garbage-first heap   total 105472K, used 39938K [0x00000000ade00000, 0x0000000100000000)
  region size 1024K, 3 young (3072K), 3 survivors (3072K)
 Metaspace       used 53243K, capacity 54354K, committed 54656K, reserved 1097728K
  class space    used 5766K, capacity 6205K, committed 6272K, reserved 1048576K
}
Event: 98.718 GC heap before
{Heap before GC invocations=57 (full 0):
 garbage-first heap   total 105472K, used 87042K [0x00000000ade00000, 0x0000000100000000)
  region size 1024K, 50 young (51200K), 3 survivors (3072K)
 Metaspace       used 53249K, capacity 54354K, committed 54656K, reserved 1097728K
  class space    used 5766K, capacity 6205K, committed 6272K, reserved 1048576K
}
Event: 98.725 GC heap after
{Heap after GC invocations=58 (full 0):
 garbage-first heap   total 105472K, used 41253K [0x00000000ade00000, 0x0000000100000000)
  region size 1024K, 5 young (5120K), 5 survivors (5120K)
 Metaspace       used 53249K, capacity 54354K, committed 54656K, reserved 1097728K
  class space    used 5766K, capacity 6205K, committed 6272K, reserved 1048576K
}
Event: 101.630 GC heap before
{Heap before GC invocations=58 (full 0):
 garbage-first heap   total 105472K, used 86309K [0x00000000ade00000, 0x0000000100000000)
  region size 1024K, 50 young (51200K), 5 survivors (5120K)
 Metaspace       used 53446K, capacity 54552K, committed 54656K, reserved 1097728K
  class space    used 5787K, capacity 6246K, committed 6272K, reserved 1048576K
}
Event: 101.637 GC heap after
{Heap after GC invocations=59 (full 0):
 garbage-first heap   total 105472K, used 43099K [0x00000000ade00000, 0x0000000100000000)
  region size 1024K, 5 young (5120K), 5 survivors (5120K)
 Metaspace       used 53446K, capacity 54552K, committed 54656K, reserved 1097728K
  class space    used 5787K, capacity 6246K, committed 6272K, reserved 1048576K
}

